\BOOKMARK [1][-]{section.1}{Introduction}{}% 1
\BOOKMARK [1][-]{section.2}{Why duplicate detection is important}{}% 2
\BOOKMARK [1][-]{section.3}{The restaurants dataset}{}% 3
\BOOKMARK [1][-]{section.4}{Metrics used to measure th results}{}% 4
\BOOKMARK [1][-]{section.5}{Methods used to detect duplicates}{}% 5
\BOOKMARK [1][-]{section.6}{Potential improvements and other researches}{}% 6
\BOOKMARK [1][-]{section.7}{Conclusion}{}% 7
\BOOKMARK [1][-]{section.8}{Introduction}{}% 8
\BOOKMARK [1][-]{section.9}{Ease of Use}{}% 9
\BOOKMARK [2][-]{subsection.9.1}{Maintaining the Integrity of the Specifications}{section.9}% 10
\BOOKMARK [1][-]{section.10}{Prepare Your Paper Before Styling}{}% 11
\BOOKMARK [2][-]{subsection.10.1}{Abbreviations and Acronyms}{section.10}% 12
\BOOKMARK [2][-]{subsection.10.2}{Units}{section.10}% 13
\BOOKMARK [2][-]{subsection.10.3}{Equations}{section.10}% 14
\BOOKMARK [2][-]{subsection.10.4}{LaTeX-Specific Advice}{section.10}% 15
\BOOKMARK [2][-]{subsection.10.5}{Some Common Mistakes}{section.10}% 16
\BOOKMARK [2][-]{subsection.10.6}{Authors and Affiliations}{section.10}% 17
\BOOKMARK [2][-]{subsection.10.7}{Identify the Headings}{section.10}% 18
\BOOKMARK [2][-]{subsection.10.8}{Figures and Tables}{section.10}% 19
\BOOKMARK [1][-]{section*.3}{References}{}% 20
